[2022-10-05 17:18:52],INFO,[cart.views:45],id : aaa	cart.html
[2022-10-05 18:10:51],INFO,[cart.views:45],id : bbb	cart.html
[2022-10-05 19:10:16],INFO,[cart.views:45],id : aaa	cart.html
[2022-10-05 19:10:55],INFO,[cart.views:45],id : bbb	cart.html
[2022-10-05 19:15:48],INFO,[cart.views:45],id : aaa	cart.html
[2022-10-05 19:16:11],INFO,[cart.views:45],id : aaa	cart.html
[2022-10-05 19:16:23],INFO,[cart.views:45],id : aaa	cart.html
[2022-10-05 19:58:12],INFO,[cart.views:45],id : aaa	cart.html
[2022-10-05 19:58:19],INFO,[cart.views:45],id : aaa	cart.html
[2022-10-05 19:59:15],INFO,[cart.views:45],id : aaa	cart.html
[2022-10-05 19:59:20],INFO,[cart.views:45],id : aaa	cart.html
[2022-10-05 19:59:59],INFO,[cart.views:45],id : aaa	cart.html
[2022-10-05 20:34:15],INFO,[cart.views:45],id : aaa	cart.html
[2022-10-06 10:48:59],INFO,[cart.views:45],id : aaa	cart.html
[2022-10-06 13:18:34],INFO,[cart.views:45],id : aaa	cart.html
[2022-10-06 13:32:31],INFO,[cart.views:45],id : aaa	cart.html
[2022-10-06 13:32:47],INFO,[cart.views:45],id : bbb	cart.html
[2022-10-06 13:42:27],INFO,[cart.views:45],id : bbb	cart.html
[2022-10-06 13:42:38],INFO,[cart.views:45],id : bbb	cart.html
[2022-10-06 13:50:33],INFO,[cart.views:45],id : sexking	cart.html
[2022-10-06 13:50:39],INFO,[cart.views:45],id : sexking	cart.html
[2022-10-06 13:53:43],INFO,[cart.views:45],id : sexking	cart.html
[2022-10-06 13:53:59],INFO,[cart.views:45],id : sexking	cart.html
[2022-10-06 13:56:32],INFO,[cart.views:45],id : bbb	cart.html
[2022-10-06 14:15:18],INFO,[cart.views:45],id : bbb	cart.html
[2022-10-06 14:16:32],INFO,[cart.views:45],id : bbb	cart.html
[2022-10-06 14:17:05],INFO,[cart.views:45],id : aaa	cart.html
[2022-10-06 14:17:12],INFO,[cart.views:45],id : aaa	cart.html
[2022-10-06 14:17:55],INFO,[cart.views:45],id : bbb	cart.html
[2022-10-06 14:19:12],INFO,[cart.views:45],id : aaa	cart.html
[2022-10-06 14:19:17],INFO,[cart.views:45],id : aaa	cart.html
[2022-10-06 14:19:20],INFO,[cart.views:45],id : aaa	cart.html
[2022-10-06 14:19:23],INFO,[cart.views:45],id : aaa	cart.html
[2022-10-06 14:20:38],INFO,[cart.views:45],id : bbb	cart.html
[2022-10-06 14:25:38],INFO,[cart.views:45],id : bbb	cart.html
[2022-10-06 15:54:20],INFO,[cart.views:45],id : bbb	cart.html
[2022-10-06 16:00:43],INFO,[cart.views:45],id : 111	cart.html
[2022-10-06 16:00:54],INFO,[cart.views:45],id : 111	cart.html
[2022-10-06 16:01:11],INFO,[cart.views:45],id : 111	cart.html
[2022-10-06 16:01:36],INFO,[cart.views:45],id : 111	cart.html
[2022-10-06 16:02:49],INFO,[cart.views:45],id : 111	cart.html
[2022-10-06 16:04:19],INFO,[cart.views:45],id : 111	cart.html
[2022-10-06 16:05:43],INFO,[cart.views:45],id : jjj	cart.html
[2022-10-06 16:07:12],INFO,[cart.views:45],id : asdfgh7537	cart.html
[2022-10-06 16:22:19],INFO,[cart.views:45],id : asdfgh7537	cart.html
[2022-10-06 16:24:23],INFO,[cart.views:45],id : aaa	cart.html
[2022-10-06 16:27:53],INFO,[cart.views:45],id : asdfgh7537	cart.html
[2022-10-06 16:29:50],INFO,[cart.views:45],id : qqq	cart.html
[2022-10-06 16:31:31],INFO,[cart.views:45],id : ham	cart.html
[2022-10-06 16:31:34],INFO,[cart.views:45],id : ham	cart.html
[2022-10-06 16:31:41],INFO,[cart.views:45],id : ham	cart.html
[2022-10-06 16:31:45],INFO,[cart.views:45],id : ham	cart.html
[2022-10-06 16:31:49],INFO,[cart.views:45],id : ham	cart.html
[2022-10-06 16:31:53],INFO,[cart.views:45],id : ham	cart.html
[2022-10-06 16:32:15],INFO,[cart.views:45],id : ham	cart.html
[2022-10-06 16:32:22],INFO,[cart.views:45],id : ham	cart.html
[2022-10-06 16:32:26],INFO,[cart.views:45],id : ham	cart.html
[2022-10-06 16:32:34],INFO,[cart.views:45],id : ham	cart.html
[2022-10-06 16:33:16],INFO,[cart.views:45],id : ham	cart.html
[2022-10-06 16:34:02],INFO,[cart.views:45],id : qqq	cart.html
[2022-10-06 16:36:38],INFO,[cart.views:45],id : ham	cart.html
[2022-10-06 16:36:48],INFO,[cart.views:45],id : aaa	cart.html
[2022-10-06 16:37:05],INFO,[cart.views:45],id : ham	cart.html
[2022-10-06 16:37:10],INFO,[cart.views:45],id : aaa	cart.html
[2022-10-06 16:37:29],INFO,[cart.views:45],id : aaa	cart.html
[2022-10-06 16:37:37],INFO,[cart.views:45],id : aaa	cart.html
[2022-10-06 16:37:43],INFO,[cart.views:45],id : aaa	cart.html
[2022-10-06 16:37:48],INFO,[cart.views:45],id : aaa	cart.html
[2022-10-06 16:37:52],INFO,[cart.views:45],id : aaa	cart.html
[2022-10-06 16:38:00],INFO,[cart.views:45],id : aaa	cart.html
[2022-10-06 16:40:07],INFO,[cart.views:45],id : ham	cart.html
[2022-10-06 16:40:09],INFO,[cart.views:45],id : ham	cart.html
[2022-10-06 16:40:12],INFO,[cart.views:45],id : ham	cart.html
[2022-10-06 16:40:17],INFO,[cart.views:45],id : ham	cart.html
[2022-10-06 16:40:20],INFO,[cart.views:45],id : ham	cart.html
[2022-10-06 16:40:23],INFO,[cart.views:45],id : ham	cart.html
[2022-10-06 16:40:27],INFO,[cart.views:45],id : ham	cart.html
[2022-10-06 16:40:34],INFO,[cart.views:45],id : ham	cart.html
[2022-10-06 16:40:54],INFO,[cart.views:45],id : ham	cart.html
[2022-10-06 16:41:03],INFO,[cart.views:45],id : ham	cart.html
[2022-10-06 16:43:54],INFO,[cart.views:45],id : ham	cart.html
[2022-10-06 16:49:13],INFO,[cart.views:45],id : aaa	cart.html
[2022-10-06 16:49:27],INFO,[cart.views:45],id : aaa	cart.html
[2022-10-06 16:49:54],INFO,[cart.views:45],id : aaa	cart.html
[2022-10-06 16:50:10],INFO,[cart.views:45],id : aaa	cart.html
[2022-10-06 16:50:12],INFO,[cart.views:45],id : ddd	cart.html
[2022-10-06 16:51:40],INFO,[cart.views:45],id : aaa	cart.html
[2022-10-06 16:51:53],INFO,[cart.views:45],id : aaa	cart.html
[2022-10-06 16:52:12],INFO,[cart.views:45],id : aaa	cart.html
[2022-10-06 16:52:24],INFO,[cart.views:45],id : aaa	cart.html
[2022-10-06 16:52:34],INFO,[cart.views:45],id : aaa	cart.html
[2022-10-06 16:52:40],INFO,[cart.views:45],id : aaa	cart.html
[2022-10-06 16:52:47],INFO,[cart.views:45],id : aaa	cart.html
[2022-10-06 16:52:53],INFO,[cart.views:45],id : aaa	cart.html
[2022-10-06 16:52:58],INFO,[cart.views:45],id : aaa	cart.html
[2022-10-06 16:53:08],INFO,[cart.views:45],id : aaa	cart.html
[2022-10-06 16:53:14],INFO,[cart.views:45],id : aaa	cart.html
[2022-10-06 16:53:29],INFO,[cart.views:45],id : aaa	cart.html
[2022-10-06 16:57:27],INFO,[cart.views:45],id : aaa	cart.html
[2022-10-06 17:05:10],INFO,[cart.views:45],id : aaa	cart.html
[2022-10-06 17:19:19],INFO,[cart.views:45],id : ddd	cart.html
[2022-10-06 17:21:19],INFO,[cart.views:45],id : ddd	cart.html
[2022-10-06 17:37:02],INFO,[cart.views:45],id : aaa	cart.html
[2022-10-06 17:37:09],INFO,[cart.views:45],id : aaa	cart.html
[2022-10-06 17:37:11],INFO,[cart.views:45],id : aaa	cart.html
[2022-10-06 17:37:19],INFO,[cart.views:45],id : aaa	cart.html
[2022-10-06 17:37:22],INFO,[cart.views:45],id : aaa	cart.html
[2022-10-06 17:37:28],INFO,[cart.views:45],id : aaa	cart.html
[2022-10-06 17:42:13],INFO,[cart.views:45],id : bbb	cart.html
[2022-10-06 19:19:58],INFO,[cart.views:45],id : bbb	cart.html
[2022-10-06 19:20:58],INFO,[cart.views:45],id : bbb	cart.html
[2022-10-06 19:22:24],INFO,[cart.views:45],id : aaa	cart.html
[2022-10-06 19:22:39],INFO,[cart.views:45],id : aaa	cart.html
[2022-10-06 19:22:47],INFO,[cart.views:45],id : aaa	cart.html
[2022-10-06 19:23:02],INFO,[cart.views:45],id : aaa	cart.html
[2022-10-06 19:23:08],INFO,[cart.views:45],id : aaa	cart.html
[2022-10-06 19:23:20],INFO,[cart.views:45],id : aaa	cart.html
[2022-10-06 19:23:30],INFO,[cart.views:45],id : aaa	cart.html
[2022-10-06 19:24:11],INFO,[cart.views:45],id : aaa	cart.html
[2022-10-06 19:24:14],INFO,[cart.views:45],id : aaa	cart.html
[2022-10-06 19:24:25],INFO,[cart.views:45],id : aaa	cart.html
[2022-10-06 19:27:56],INFO,[cart.views:45],id : aaa	cart.html
[2022-10-06 19:40:10],INFO,[cart.views:45],id : aaa	cart.html
[2022-10-06 19:40:16],INFO,[cart.views:45],id : aaa	cart.html
[2022-10-06 19:44:46],INFO,[cart.views:45],id : aaa	cart.html
[2022-10-06 19:47:54],INFO,[cart.views:45],id : bbb	cart.html
[2022-10-06 19:52:47],INFO,[cart.views:45],id : bbb	cart.html
[2022-10-06 20:07:20],INFO,[cart.views:45],id : aaa	cart.html
[2022-10-06 20:07:26],INFO,[cart.views:45],id : aaa	cart.html
[2022-10-06 20:07:32],INFO,[cart.views:45],id : aaa	cart.html
[2022-10-06 20:08:22],INFO,[cart.views:45],id : aaa	cart.html
[2022-10-06 20:12:02],INFO,[cart.views:45],id : aaa	cart.html
[2022-10-06 20:12:08],INFO,[cart.views:45],id : aaa	cart.html
[2022-10-06 20:12:10],INFO,[cart.views:45],id : aaa	cart.html
[2022-10-06 20:22:42],INFO,[cart.views:45],id : aaa	cart.html
[2022-10-06 20:23:32],INFO,[cart.views:45],id : bbb	cart.html
[2022-10-06 20:23:37],INFO,[cart.views:45],id : bbb	cart.html
[2022-10-06 20:23:44],INFO,[cart.views:45],id : bbb	cart.html
[2022-10-06 20:27:56],INFO,[cart.views:45],id : aaa	cart.html
[2022-10-06 20:48:32],INFO,[cart.views:45],id : aaa	cart.html
[2022-10-06 21:05:04],INFO,[cart.views:45],id : helloworld	cart.html
[2022-10-06 21:06:48],INFO,[cart.views:45],id : aaa	cart.html
[2022-10-06 21:20:00],INFO,[cart.views:45],id : aaa	cart.html
[2022-10-06 21:22:59],INFO,[cart.views:45],id : eorms0203	cart.html
[2022-10-06 21:25:16],INFO,[cart.views:45],id : asdfgh7537	cart.html
[2022-10-06 21:28:05],INFO,[cart.views:45],id : asdfgh7537	cart.html
[2022-10-07 09:03:52],INFO,[cart.views:45],id : asdfgh7537	cart.html
[2022-10-07 09:03:54],INFO,[cart.views:45],id : asdfgh7537	cart.html
[2022-10-07 09:18:52],INFO,[cart.views:45],id : vvv	cart.html
[2022-10-07 09:19:00],INFO,[cart.views:45],id : vvv	cart.html
[2022-10-07 09:19:55],INFO,[cart.views:45],id : a	cart.html
[2022-10-07 09:21:07],INFO,[cart.views:45],id : asd	cart.html
[2022-10-07 09:21:41],INFO,[cart.views:45],id : eorms0203	cart.html
[2022-10-07 09:21:45],INFO,[cart.views:45],id : eorms0203	cart.html
[2022-10-07 09:22:30],INFO,[cart.views:45],id : asd	cart.html
[2022-10-07 09:22:49],INFO,[cart.views:45],id : asd	cart.html
[2022-10-07 09:22:57],INFO,[cart.views:45],id : asd	cart.html
[2022-10-07 09:23:18],INFO,[cart.views:45],id : a	cart.html
[2022-10-07 09:23:26],INFO,[cart.views:45],id : asd	cart.html
[2022-10-07 09:23:47],INFO,[cart.views:45],id : a	cart.html
[2022-10-07 09:23:49],INFO,[cart.views:45],id : a	cart.html
[2022-10-07 10:12:19],INFO,[cart.views:45],id : ss	cart.html
[2022-10-07 10:15:33],INFO,[cart.views:45],id : ss	cart.html
[2022-10-07 10:17:50],INFO,[cart.views:45],id : ss	cart.html
[2022-10-07 13:19:06],INFO,[cart.views:45],id : sexking	cart.html
[2022-10-11 17:21:10],INFO,[cart.views:45],id : cexking	cart.html
