[2022-10-05 14:49:42],INFO,[product.views:53],id:None,prodNum:1,productDetail.html
[2022-10-05 14:51:46],INFO,[product.views:53],id:None,prodNum:1,productDetail.html
[2022-10-05 14:58:29],INFO,[product.views:53],id:None,prodNum:5,productDetail.html
[2022-10-05 15:06:19],INFO,[product.views:53],id:bbb,prodNum:5,productDetail.html
[2022-10-05 15:07:13],INFO,[product.views:53],id:bbb,prodNum:5,productDetail.html
[2022-10-05 15:07:34],INFO,[product.views:53],id:bbb,prodNum:5,productDetail.html
[2022-10-05 15:08:52],INFO,[product.views:53],id:None,prodNum:16,productDetail.html
[2022-10-05 15:08:58],INFO,[product.views:53],id:None,prodNum:22,productDetail.html
[2022-10-05 15:09:02],INFO,[product.views:53],id:None,prodNum:20,productDetail.html
[2022-10-05 15:09:06],INFO,[product.views:53],id:None,prodNum:18,productDetail.html
[2022-10-05 15:14:51],INFO,[product.views:53],id:None,prodNum:38,productDetail.html
[2022-10-05 15:15:25],INFO,[product.views:53],id:None,prodNum:38,productDetail.html
[2022-10-05 15:15:52],INFO,[product.views:53],id:bbb,prodNum:41,productDetail.html
[2022-10-05 15:18:01],INFO,[product.views:53],id:bbb,prodNum:41,productDetail.html
[2022-10-05 15:22:25],INFO,[product.views:53],id:None,prodNum:38,productDetail.html
[2022-10-05 15:22:30],INFO,[product.views:53],id:None,prodNum:29,productDetail.html
[2022-10-05 15:22:35],INFO,[product.views:53],id:None,prodNum:25,productDetail.html
[2022-10-05 15:22:35],INFO,[product.views:53],id:None,prodNum:59,productDetail.html
[2022-10-05 15:22:40],INFO,[product.views:53],id:None,prodNum:20,productDetail.html
[2022-10-05 15:22:43],INFO,[product.views:53],id:None,prodNum:16,productDetail.html
[2022-10-05 15:23:07],INFO,[product.views:53],id:None,prodNum:59,productDetail.html
[2022-10-05 15:25:24],INFO,[product.views:53],id:None,prodNum:64,productDetail.html
[2022-10-05 15:26:10],INFO,[product.views:53],id:bbb,prodNum:65,productDetail.html
[2022-10-05 15:27:06],INFO,[product.views:53],id:bbb,prodNum:65,productDetail.html
[2022-10-05 15:27:19],INFO,[product.views:53],id:bbb,prodNum:65,productDetail.html
[2022-10-05 15:27:33],INFO,[product.views:53],id:bbb,prodNum:68,productDetail.html
[2022-10-05 15:28:16],INFO,[product.views:53],id:None,prodNum:64,productDetail.html
[2022-10-05 15:28:23],INFO,[product.views:53],id:None,prodNum:71,productDetail.html
[2022-10-05 15:29:13],INFO,[product.views:53],id:bbb,prodNum:64,productDetail.html
[2022-10-05 15:31:09],INFO,[product.views:53],id:None,prodNum:78,productDetail.html
[2022-10-05 15:31:21],INFO,[product.views:53],id:None,prodNum:71,productDetail.html
[2022-10-05 15:32:20],INFO,[product.views:53],id:None,prodNum:16,productDetail.html
[2022-10-05 15:32:25],INFO,[product.views:53],id:None,prodNum:58,productDetail.html
[2022-10-05 15:42:02],INFO,[product.views:53],id:None,prodNum:58,productDetail.html
[2022-10-05 15:42:03],INFO,[product.views:53],id:None,prodNum:58,productDetail.html
[2022-10-05 15:48:50],INFO,[product.views:53],id:None,prodNum:58,productDetail.html
[2022-10-05 15:49:02],INFO,[product.views:53],id:None,prodNum:109,productDetail.html
[2022-10-05 15:52:55],INFO,[product.views:53],id:None,prodNum:118,productDetail.html
[2022-10-05 15:53:22],INFO,[product.views:53],id:None,prodNum:59,productDetail.html
[2022-10-05 15:53:53],INFO,[product.views:53],id:None,prodNum:105,productDetail.html
[2022-10-05 15:56:32],INFO,[product.views:53],id:None,prodNum:123,productDetail.html
[2022-10-05 16:03:04],INFO,[product.views:53],id:None,prodNum:125,productDetail.html
[2022-10-05 16:22:32],INFO,[product.views:53],id:None,prodNum:139,productDetail.html
[2022-10-05 16:24:02],INFO,[product.views:53],id:None,prodNum:86,productDetail.html
[2022-10-05 16:24:07],INFO,[product.views:53],id:None,prodNum:86,productDetail.html
[2022-10-05 16:24:43],INFO,[product.views:53],id:None,prodNum:117,productDetail.html
[2022-10-05 16:24:50],INFO,[product.views:53],id:None,prodNum:116,productDetail.html
[2022-10-05 16:25:05],INFO,[product.views:53],id:None,prodNum:142,productDetail.html
[2022-10-05 16:25:11],INFO,[product.views:53],id:None,prodNum:140,productDetail.html
[2022-10-05 16:25:55],INFO,[product.views:53],id:None,prodNum:151,productDetail.html
[2022-10-05 16:55:37],INFO,[product.views:53],id:None,prodNum:156,productDetail.html
[2022-10-05 17:02:47],INFO,[product.views:53],id:None,prodNum:161,productDetail.html
[2022-10-05 17:02:58],INFO,[product.views:53],id:None,prodNum:158,productDetail.html
[2022-10-05 17:03:06],INFO,[product.views:53],id:None,prodNum:155,productDetail.html
[2022-10-05 17:09:17],INFO,[product.views:53],id:None,prodNum:169,productDetail.html
[2022-10-05 17:11:06],INFO,[product.views:53],id:None,prodNum:163,productDetail.html
[2022-10-05 17:11:16],INFO,[product.views:53],id:None,prodNum:163,productDetail.html
[2022-10-05 17:11:48],INFO,[product.views:53],id:None,prodNum:161,productDetail.html
[2022-10-05 17:18:35],INFO,[product.views:53],id:None,prodNum:180,productDetail.html
[2022-10-05 17:18:51],INFO,[product.views:53],id:aaa,prodNum:179,productDetail.html
[2022-10-05 17:20:56],INFO,[product.views:53],id:aaa,prodNum:173,productDetail.html
[2022-10-05 17:31:42],INFO,[product.views:53],id:aaa,prodNum:180,productDetail.html
[2022-10-05 17:31:51],INFO,[product.views:53],id:aaa,prodNum:178,productDetail.html
[2022-10-05 17:32:24],INFO,[product.views:53],id:aaa,prodNum:171,productDetail.html
[2022-10-05 17:35:49],INFO,[product.views:53],id:aaa,prodNum:192,productDetail.html
[2022-10-05 17:40:50],INFO,[product.views:53],id:aaa,prodNum:192,productDetail.html
[2022-10-05 17:41:45],INFO,[product.views:53],id:aaa,prodNum:175,productDetail.html
[2022-10-05 17:44:35],INFO,[product.views:53],id:aaa,prodNum:204,productDetail.html
[2022-10-05 17:45:29],INFO,[product.views:53],id:aaa,prodNum:204,productDetail.html
[2022-10-05 17:45:30],INFO,[product.views:53],id:aaa,prodNum:175,productDetail.html
[2022-10-05 17:45:31],INFO,[product.views:53],id:aaa,prodNum:192,productDetail.html
[2022-10-05 17:45:32],INFO,[product.views:53],id:aaa,prodNum:171,productDetail.html
[2022-10-05 18:26:55],INFO,[product.views:53],id:aaa,prodNum:221,productDetail.html
[2022-10-05 18:27:07],INFO,[product.views:53],id:aaa,prodNum:202,productDetail.html
[2022-10-05 18:36:23],INFO,[product.views:53],id:aaa,prodNum:258,productDetail.html
[2022-10-05 18:49:23],INFO,[product.views:53],id:None,prodNum:266,productDetail.html
[2022-10-05 18:54:00],INFO,[product.views:53],id:None,prodNum:269,productDetail.html
[2022-10-05 18:54:13],INFO,[product.views:53],id:None,prodNum:239,productDetail.html
[2022-10-05 19:10:09],INFO,[product.views:53],id:aaa,prodNum:239,productDetail.html
[2022-10-05 19:10:54],INFO,[product.views:53],id:bbb,prodNum:238,productDetail.html
[2022-10-05 19:16:08],INFO,[product.views:53],id:aaa,prodNum:239,productDetail.html
[2022-10-05 19:18:34],INFO,[product.views:53],id:None,prodNum:269,productDetail.html
[2022-10-05 20:15:24],INFO,[product.views:53],id:None,prodNum:8,productDetail.html
[2022-10-05 20:15:58],INFO,[product.views:53],id:None,prodNum:184,productDetail.html
[2022-10-05 20:16:04],INFO,[product.views:53],id:None,prodNum:180,productDetail.html
[2022-10-05 20:18:39],INFO,[product.views:53],id:None,prodNum:202,productDetail.html
[2022-10-05 20:27:41],INFO,[product.views:53],id:None,prodNum:6,productDetail.html
[2022-10-05 20:31:43],INFO,[product.views:53],id:aaa,prodNum:239,productDetail.html
[2022-10-05 21:31:51],INFO,[product.views:53],id:bbb,prodNum:238,productDetail.html
[2022-10-05 21:32:03],INFO,[product.views:53],id:bbb,prodNum:5,productDetail.html
[2022-10-05 21:32:31],INFO,[product.views:53],id:bbb,prodNum:118,productDetail.html
[2022-10-06 09:05:37],INFO,[product.views:53],id:None,prodNum:163,productDetail.html
[2022-10-06 09:09:14],INFO,[product.views:53],id:None,prodNum:132,productDetail.html
[2022-10-06 10:46:14],INFO,[product.views:53],id:None,prodNum:269,productDetail.html
[2022-10-06 10:48:52],INFO,[product.views:53],id:aaa,prodNum:202,productDetail.html
[2022-10-06 11:16:43],INFO,[product.views:53],id:None,prodNum:368,productDetail.html
[2022-10-06 13:08:33],INFO,[product.views:53],id:aaa,prodNum:409,productDetail.html
[2022-10-06 13:08:47],INFO,[product.views:53],id:aaa,prodNum:406,productDetail.html
[2022-10-06 13:15:07],INFO,[product.views:53],id:None,prodNum:414,productDetail.html
[2022-10-06 13:18:32],INFO,[product.views:53],id:None,prodNum:430,productDetail.html
[2022-10-06 13:25:40],INFO,[product.views:53],id:None,prodNum:444,productDetail.html
[2022-10-06 13:28:33],INFO,[product.views:53],id:None,prodNum:444,productDetail.html
[2022-10-06 13:29:11],INFO,[product.views:53],id:None,prodNum:444,productDetail.html
[2022-10-06 13:29:30],INFO,[product.views:53],id:None,prodNum:444,productDetail.html
[2022-10-06 13:29:46],INFO,[product.views:53],id:None,prodNum:442,productDetail.html
[2022-10-06 13:30:06],INFO,[product.views:53],id:None,prodNum:444,productDetail.html
[2022-10-06 13:31:00],INFO,[product.views:53],id:None,prodNum:435,productDetail.html
[2022-10-06 13:42:24],INFO,[product.views:53],id:bbb,prodNum:12,productDetail.html
[2022-10-06 13:42:35],INFO,[product.views:53],id:bbb,prodNum:8,productDetail.html
[2022-10-06 13:47:05],INFO,[product.views:53],id:None,prodNum:441,productDetail.html
[2022-10-06 13:47:16],INFO,[product.views:53],id:None,prodNum:440,productDetail.html
[2022-10-06 13:47:24],INFO,[product.views:53],id:None,prodNum:444,productDetail.html
[2022-10-06 13:47:35],INFO,[product.views:53],id:None,prodNum:446,productDetail.html
[2022-10-06 13:47:42],INFO,[product.views:53],id:None,prodNum:480,productDetail.html
[2022-10-06 13:47:55],INFO,[product.views:53],id:None,prodNum:478,productDetail.html
[2022-10-06 13:48:40],INFO,[product.views:53],id:None,prodNum:478,productDetail.html
[2022-10-06 13:52:30],INFO,[product.views:53],id:sexking,prodNum:239,productDetail.html
[2022-10-06 14:07:37],INFO,[product.views:53],id:None,prodNum:482,productDetail.html
[2022-10-06 14:09:11],INFO,[product.views:53],id:None,prodNum:483,productDetail.html
[2022-10-06 14:10:31],INFO,[product.views:53],id:None,prodNum:479,productDetail.html
[2022-10-06 14:10:39],INFO,[product.views:53],id:None,prodNum:473,productDetail.html
[2022-10-06 14:15:18],INFO,[product.views:53],id:None,prodNum:483,productDetail.html
[2022-10-06 14:16:31],INFO,[product.views:53],id:bbb,prodNum:481,productDetail.html
[2022-10-06 14:17:04],INFO,[product.views:53],id:aaa,prodNum:16,productDetail.html
[2022-10-06 14:18:58],INFO,[product.views:53],id:None,prodNum:12,productDetail.html
[2022-10-06 14:31:52],INFO,[product.views:53],id:aaa,prodNum:491,productDetail.html
[2022-10-06 14:32:09],INFO,[product.views:53],id:aaa,prodNum:8,productDetail.html
[2022-10-06 14:34:13],INFO,[product.views:53],id:bbb,prodNum:16,productDetail.html
[2022-10-06 14:34:43],INFO,[product.views:53],id:aaa,prodNum:491,productDetail.html
[2022-10-06 14:37:11],INFO,[product.views:53],id:bbb,prodNum:16,productDetail.html
[2022-10-06 14:38:00],INFO,[product.views:53],id:bbb,prodNum:16,productDetail.html
[2022-10-06 14:38:37],INFO,[product.views:53],id:bbb,prodNum:16,productDetail.html
[2022-10-06 15:15:42],INFO,[product.views:53],id:None,prodNum:493,productDetail.html
[2022-10-06 15:57:34],INFO,[product.views:53],id:None,prodNum:232,productDetail.html
[2022-10-06 15:57:54],INFO,[product.views:53],id:None,prodNum:411,productDetail.html
[2022-10-06 15:58:02],INFO,[product.views:53],id:None,prodNum:478,productDetail.html
[2022-10-06 15:58:20],INFO,[product.views:53],id:None,prodNum:406,productDetail.html
[2022-10-06 15:58:28],INFO,[product.views:53],id:None,prodNum:269,productDetail.html
[2022-10-06 15:58:38],INFO,[product.views:53],id:None,prodNum:411,productDetail.html
[2022-10-06 15:59:55],INFO,[product.views:53],id:111,prodNum:36,productDetail.html
[2022-10-06 16:00:18],INFO,[product.views:53],id:111,prodNum:70,productDetail.html
[2022-10-06 16:00:25],INFO,[product.views:53],id:111,prodNum:36,productDetail.html
[2022-10-06 16:01:09],INFO,[product.views:53],id:111,prodNum:414,productDetail.html
[2022-10-06 16:01:33],INFO,[product.views:53],id:111,prodNum:118,productDetail.html
[2022-10-06 16:01:44],INFO,[product.views:53],id:111,prodNum:481,productDetail.html
[2022-10-06 16:05:40],INFO,[product.views:53],id:jjj,prodNum:493,productDetail.html
[2022-10-06 16:06:46],INFO,[product.views:53],id:None,prodNum:411,productDetail.html
[2022-10-06 16:07:03],INFO,[product.views:53],id:None,prodNum:478,productDetail.html
[2022-10-06 16:07:09],INFO,[product.views:53],id:asdfgh7537,prodNum:419,productDetail.html
[2022-10-06 16:07:18],INFO,[product.views:53],id:None,prodNum:411,productDetail.html
[2022-10-06 16:08:00],INFO,[product.views:53],id:None,prodNum:482,productDetail.html
[2022-10-06 16:08:19],INFO,[product.views:53],id:asdfgh7537,prodNum:130,productDetail.html
[2022-10-06 16:20:50],INFO,[product.views:53],id:asdfgh7537,prodNum:130,productDetail.html
[2022-10-06 16:20:59],INFO,[product.views:53],id:asdfgh7537,prodNum:494,productDetail.html
[2022-10-06 16:21:39],INFO,[product.views:53],id:bbb,prodNum:494,productDetail.html
[2022-10-06 16:23:03],INFO,[product.views:53],id:bbb,prodNum:494,productDetail.html
[2022-10-06 16:26:33],INFO,[product.views:53],id:aaa,prodNum:8,productDetail.html
[2022-10-06 16:29:49],INFO,[product.views:53],id:qqq,prodNum:493,productDetail.html
[2022-10-06 16:31:29],INFO,[product.views:53],id:ham,prodNum:494,productDetail.html
[2022-10-06 16:33:11],INFO,[product.views:53],id:ham,prodNum:494,productDetail.html
[2022-10-06 16:36:11],INFO,[product.views:53],id:ham,prodNum:494,productDetail.html
[2022-10-06 16:50:14],INFO,[product.views:53],id:ddd,prodNum:255,productDetail.html
[2022-10-06 16:53:15],INFO,[product.views:53],id:ddd,prodNum:481,productDetail.html
[2022-10-06 16:53:24],INFO,[product.views:53],id:ddd,prodNum:481,productDetail.html
[2022-10-06 16:55:27],INFO,[product.views:53],id:aaa,prodNum:406,productDetail.html
[2022-10-06 16:55:58],INFO,[product.views:53],id:ddd,prodNum:482,productDetail.html
[2022-10-06 16:59:40],INFO,[product.views:53],id:aaa,prodNum:22,productDetail.html
[2022-10-06 17:07:21],INFO,[product.views:53],id:ddd,prodNum:478,productDetail.html
[2022-10-06 17:19:14],INFO,[product.views:53],id:ddd,prodNum:482,productDetail.html
[2022-10-06 17:21:12],INFO,[product.views:53],id:ddd,prodNum:496,productDetail.html
[2022-10-06 17:24:34],INFO,[product.views:53],id:ham,prodNum:186,productDetail.html
[2022-10-06 17:40:42],INFO,[product.views:53],id:aaa,prodNum:406,productDetail.html
[2022-10-06 18:35:24],INFO,[product.views:53],id:aaa,prodNum:406,productDetail.html
[2022-10-06 18:35:46],INFO,[product.views:53],id:aaa,prodNum:496,productDetail.html
[2022-10-06 18:36:07],INFO,[product.views:53],id:aaa,prodNum:122,productDetail.html
[2022-10-06 18:38:26],INFO,[product.views:53],id:aaa,prodNum:494,productDetail.html
[2022-10-06 18:38:33],INFO,[product.views:53],id:aaa,prodNum:496,productDetail.html
[2022-10-06 18:38:35],INFO,[product.views:53],id:aaa,prodNum:186,productDetail.html
[2022-10-06 18:39:59],INFO,[product.views:53],id:aaa,prodNum:186,productDetail.html
[2022-10-06 18:46:30],INFO,[product.views:53],id:aaa,prodNum:186,productDetail.html
[2022-10-06 18:46:48],INFO,[product.views:53],id:aaa,prodNum:494,productDetail.html
[2022-10-06 18:46:57],INFO,[product.views:53],id:aaa,prodNum:489,productDetail.html
[2022-10-06 18:47:11],INFO,[product.views:53],id:aaa,prodNum:494,productDetail.html
[2022-10-06 18:48:53],INFO,[product.views:53],id:bbb,prodNum:186,productDetail.html
[2022-10-06 18:49:14],INFO,[product.views:53],id:bbb,prodNum:495,productDetail.html
[2022-10-06 18:49:17],INFO,[product.views:53],id:bbb,prodNum:495,productDetail.html
[2022-10-06 18:49:21],INFO,[product.views:53],id:bbb,prodNum:494,productDetail.html
[2022-10-06 18:50:00],INFO,[product.views:53],id:bbb,prodNum:494,productDetail.html
[2022-10-06 18:50:06],INFO,[product.views:53],id:bbb,prodNum:493,productDetail.html
[2022-10-06 18:50:10],INFO,[product.views:53],id:bbb,prodNum:492,productDetail.html
[2022-10-06 18:50:23],INFO,[product.views:53],id:aaa,prodNum:494,productDetail.html
[2022-10-06 19:07:48],INFO,[product.views:53],id:aaa,prodNum:482,productDetail.html
[2022-10-06 19:16:37],INFO,[product.views:53],id:bbb,prodNum:444,productDetail.html
[2022-10-06 19:19:52],INFO,[product.views:53],id:bbb,prodNum:444,productDetail.html
[2022-10-06 19:20:49],INFO,[product.views:53],id:bbb,prodNum:444,productDetail.html
[2022-10-06 19:22:18],INFO,[product.views:53],id:aaa,prodNum:186,productDetail.html
[2022-10-06 19:22:33],INFO,[product.views:53],id:aaa,prodNum:186,productDetail.html
[2022-10-06 19:22:57],INFO,[product.views:53],id:aaa,prodNum:186,productDetail.html
[2022-10-06 19:24:04],INFO,[product.views:53],id:aaa,prodNum:186,productDetail.html
[2022-10-06 19:24:20],INFO,[product.views:53],id:aaa,prodNum:186,productDetail.html
[2022-10-06 19:26:38],INFO,[product.views:53],id:bbb,prodNum:444,productDetail.html
[2022-10-06 19:27:49],INFO,[product.views:53],id:aaa,prodNum:482,productDetail.html
[2022-10-06 19:31:10],INFO,[product.views:53],id:bbb,prodNum:444,productDetail.html
[2022-10-06 19:32:17],INFO,[product.views:53],id:bbb,prodNum:444,productDetail.html
[2022-10-06 19:32:42],INFO,[product.views:53],id:bbb,prodNum:444,productDetail.html
[2022-10-06 19:33:00],INFO,[product.views:53],id:bbb,prodNum:444,productDetail.html
[2022-10-06 20:06:58],INFO,[product.views:53],id:aaa,prodNum:186,productDetail.html
[2022-10-06 20:06:59],INFO,[product.views:53],id:aaa,prodNum:496,productDetail.html
[2022-10-06 20:07:04],INFO,[product.views:53],id:aaa,prodNum:495,productDetail.html
[2022-10-06 20:07:10],INFO,[product.views:53],id:aaa,prodNum:493,productDetail.html
[2022-10-06 20:09:37],INFO,[product.views:53],id:aaa,prodNum:494,productDetail.html
[2022-10-06 20:09:38],INFO,[product.views:53],id:aaa,prodNum:494,productDetail.html
[2022-10-06 20:09:48],INFO,[product.views:53],id:aaa,prodNum:494,productDetail.html
[2022-10-06 20:10:05],INFO,[product.views:53],id:aaa,prodNum:494,productDetail.html
[2022-10-06 20:10:40],INFO,[product.views:53],id:aaa,prodNum:36,productDetail.html
[2022-10-06 20:11:29],INFO,[product.views:53],id:aaa,prodNum:483,productDetail.html
[2022-10-06 20:12:47],INFO,[product.views:53],id:aaa,prodNum:483,productDetail.html
[2022-10-06 20:12:49],INFO,[product.views:53],id:aaa,prodNum:36,productDetail.html
[2022-10-06 20:12:54],INFO,[product.views:53],id:aaa,prodNum:494,productDetail.html
[2022-10-06 20:13:00],INFO,[product.views:53],id:aaa,prodNum:496,productDetail.html
[2022-10-06 20:13:18],INFO,[product.views:53],id:aaa,prodNum:5,productDetail.html
[2022-10-06 20:13:40],INFO,[product.views:53],id:aaa,prodNum:10,productDetail.html
[2022-10-06 20:14:28],INFO,[product.views:53],id:aaa,prodNum:160,productDetail.html
[2022-10-06 20:14:41],INFO,[product.views:53],id:aaa,prodNum:5,productDetail.html
[2022-10-06 20:15:25],INFO,[product.views:53],id:aaa,prodNum:5,productDetail.html
[2022-10-06 20:15:31],INFO,[product.views:53],id:aaa,prodNum:5,productDetail.html
[2022-10-06 20:15:49],INFO,[product.views:53],id:bbb,prodNum:5,productDetail.html
[2022-10-06 20:22:36],INFO,[product.views:53],id:aaa,prodNum:264,productDetail.html
[2022-10-06 20:23:39],INFO,[product.views:53],id:bbb,prodNum:495,productDetail.html
[2022-10-06 20:25:45],INFO,[product.views:53],id:aaa,prodNum:264,productDetail.html
[2022-10-06 20:29:16],INFO,[product.views:53],id:aaa,prodNum:444,productDetail.html
[2022-10-06 20:44:29],INFO,[product.views:53],id:bbb,prodNum:495,productDetail.html
[2022-10-06 20:44:48],INFO,[product.views:53],id:bbb,prodNum:444,productDetail.html
[2022-10-06 20:45:13],INFO,[product.views:53],id:bbb,prodNum:88,productDetail.html
[2022-10-06 21:04:51],INFO,[product.views:53],id:helloworld,prodNum:186,productDetail.html
[2022-10-06 21:19:52],INFO,[product.views:53],id:asdfgh7537,prodNum:495,productDetail.html
[2022-10-06 21:20:45],INFO,[product.views:53],id:asdfgh7537,prodNum:496,productDetail.html
[2022-10-06 21:20:55],INFO,[product.views:53],id:asdfgh7537,prodNum:495,productDetail.html
[2022-10-06 21:22:43],INFO,[product.views:53],id:eorms0203,prodNum:495,productDetail.html
[2022-10-06 21:24:38],INFO,[product.views:53],id:eorms0203,prodNum:495,productDetail.html
[2022-10-06 21:27:43],INFO,[product.views:53],id:asdfgh7537,prodNum:264,productDetail.html
[2022-10-06 21:27:52],INFO,[product.views:53],id:asdfgh7537,prodNum:444,productDetail.html
[2022-10-06 21:27:56],INFO,[product.views:53],id:asdfgh7537,prodNum:495,productDetail.html
[2022-10-06 21:28:00],INFO,[product.views:53],id:asdfgh7537,prodNum:496,productDetail.html
[2022-10-06 21:28:46],INFO,[product.views:53],id:asdfgh7537,prodNum:481,productDetail.html
[2022-10-06 21:29:17],INFO,[product.views:53],id:asdfgh7537,prodNum:406,productDetail.html
[2022-10-06 21:29:47],INFO,[product.views:53],id:asdfgh7537,prodNum:495,productDetail.html
[2022-10-06 21:29:58],INFO,[product.views:53],id:asdfgh7537,prodNum:493,productDetail.html
[2022-10-06 21:34:36],INFO,[product.views:53],id:eorms0203,prodNum:495,productDetail.html
[2022-10-07 08:41:01],INFO,[product.views:53],id:None,prodNum:496,productDetail.html
[2022-10-07 08:41:08],INFO,[product.views:53],id:None,prodNum:496,productDetail.html
[2022-10-07 09:04:37],INFO,[product.views:53],id:asdfgh7537,prodNum:494,productDetail.html
[2022-10-07 09:09:58],INFO,[product.views:53],id:a,prodNum:119,productDetail.html
[2022-10-07 09:10:03],INFO,[product.views:53],id:a,prodNum:267,productDetail.html
[2022-10-07 09:10:09],INFO,[product.views:53],id:a,prodNum:483,productDetail.html
[2022-10-07 09:10:21],INFO,[product.views:53],id:a,prodNum:492,productDetail.html
[2022-10-07 09:10:24],INFO,[product.views:53],id:a,prodNum:491,productDetail.html
[2022-10-07 09:17:43],INFO,[product.views:53],id:None,prodNum:496,productDetail.html
[2022-10-07 09:17:51],INFO,[product.views:53],id:None,prodNum:495,productDetail.html
[2022-10-07 09:18:04],INFO,[product.views:53],id:None,prodNum:494,productDetail.html
[2022-10-07 09:18:10],INFO,[product.views:53],id:None,prodNum:493,productDetail.html
[2022-10-07 09:18:59],INFO,[product.views:53],id:vvv,prodNum:494,productDetail.html
[2022-10-07 09:19:12],INFO,[product.views:53],id:eorms0203,prodNum:495,productDetail.html
[2022-10-07 09:19:54],INFO,[product.views:53],id:a,prodNum:493,productDetail.html
[2022-10-07 09:21:06],INFO,[product.views:53],id:asd,prodNum:494,productDetail.html
[2022-10-07 09:21:26],INFO,[product.views:53],id:asd,prodNum:494,productDetail.html
[2022-10-07 09:22:05],INFO,[product.views:53],id:asd,prodNum:495,productDetail.html
[2022-10-07 09:22:13],INFO,[product.views:53],id:asd,prodNum:496,productDetail.html
[2022-10-07 09:22:24],INFO,[product.views:53],id:asd,prodNum:444,productDetail.html
[2022-10-07 09:22:47],INFO,[product.views:53],id:asd,prodNum:486,productDetail.html
[2022-10-07 09:23:16],INFO,[product.views:53],id:a,prodNum:486,productDetail.html
[2022-10-07 09:25:25],INFO,[product.views:53],id:eorms0203,prodNum:264,productDetail.html
[2022-10-07 09:26:59],INFO,[product.views:53],id:None,prodNum:67,productDetail.html
[2022-10-07 09:28:40],INFO,[product.views:53],id:None,prodNum:488,productDetail.html
[2022-10-07 09:29:56],INFO,[product.views:53],id:None,prodNum:481,productDetail.html
[2022-10-07 10:05:59],INFO,[product.views:53],id:ss,prodNum:482,productDetail.html
[2022-10-07 10:07:54],INFO,[product.views:53],id:None,prodNum:490,productDetail.html
[2022-10-07 10:09:43],INFO,[product.views:53],id:ss,prodNum:490,productDetail.html
[2022-10-07 10:10:47],INFO,[product.views:53],id:None,prodNum:495,productDetail.html
[2022-10-07 10:12:05],INFO,[product.views:53],id:eorms0203,prodNum:509,productDetail.html
[2022-10-07 10:15:31],INFO,[product.views:53],id:ss,prodNum:493,productDetail.html
[2022-10-07 10:18:54],INFO,[product.views:53],id:eorms0203,prodNum:513,productDetail.html
[2022-10-07 10:19:53],INFO,[product.views:53],id:ss,prodNum:493,productDetail.html
[2022-10-07 10:21:28],INFO,[product.views:53],id:ss,prodNum:493,productDetail.html
[2022-10-07 10:23:27],INFO,[product.views:53],id:ss,prodNum:493,productDetail.html
[2022-10-07 10:24:43],INFO,[product.views:53],id:ss,prodNum:493,productDetail.html
[2022-10-07 10:27:03],INFO,[product.views:53],id:ss,prodNum:493,productDetail.html
[2022-10-07 10:28:14],INFO,[product.views:53],id:ss,prodNum:493,productDetail.html
[2022-10-07 10:29:39],INFO,[product.views:53],id:ss,prodNum:493,productDetail.html
[2022-10-07 10:30:11],INFO,[product.views:53],id:ss,prodNum:493,productDetail.html
[2022-10-07 10:32:16],INFO,[product.views:53],id:ss,prodNum:493,productDetail.html
[2022-10-07 10:33:43],INFO,[product.views:53],id:ss,prodNum:493,productDetail.html
[2022-10-07 10:34:37],INFO,[product.views:53],id:ss,prodNum:493,productDetail.html
[2022-10-07 10:34:39],INFO,[product.views:53],id:ss,prodNum:493,productDetail.html
[2022-10-07 10:35:02],INFO,[product.views:53],id:ss,prodNum:493,productDetail.html
[2022-10-07 10:35:03],INFO,[product.views:53],id:ss,prodNum:493,productDetail.html
[2022-10-07 10:39:34],INFO,[product.views:53],id:eorms0203,prodNum:513,productDetail.html
[2022-10-07 10:50:03],INFO,[product.views:53],id:ss,prodNum:493,productDetail.html
[2022-10-07 13:08:59],INFO,[product.views:53],id:ss,prodNum:490,productDetail.html
[2022-10-07 13:20:50],INFO,[product.views:53],id:sexking,prodNum:496,productDetail.html
[2022-10-07 13:21:33],INFO,[product.views:53],id:sexking,prodNum:496,productDetail.html
[2022-10-07 15:59:06],INFO,[product.views:53],id:None,prodNum:529,productDetail.html
[2022-10-07 16:03:03],INFO,[product.views:53],id:None,prodNum:529,productDetail.html
[2022-10-07 19:04:58],INFO,[product.views:53],id:None,prodNum:541,productDetail.html
[2022-10-07 19:05:19],INFO,[product.views:53],id:None,prodNum:486,productDetail.html
[2022-10-07 19:05:41],INFO,[product.views:53],id:None,prodNum:239,productDetail.html
[2022-10-07 19:05:56],INFO,[product.views:53],id:None,prodNum:239,productDetail.html
[2022-10-11 10:56:11],INFO,[product.views:53],id:bbb,prodNum:444,productDetail.html
[2022-10-11 17:18:30],INFO,[product.views:53],id:None,prodNum:496,productDetail.html
[2022-10-11 17:23:06],INFO,[product.views:53],id:cexking,prodNum:541,productDetail.html
[2022-10-11 17:23:25],INFO,[product.views:53],id:cexking,prodNum:541,productDetail.html
[2022-10-11 17:23:40],INFO,[product.views:53],id:cexking,prodNum:541,productDetail.html
